2019-08-22T06:18:27.573Z - normal: Load ~/.CocosCreator/settings.json
2019-08-22T06:18:28.718Z - normal: Initializing Asset Database
2019-08-22T06:18:28.721Z - normal: checking language setting...
2019-08-22T06:18:28.721Z - normal: Language: en
2019-08-22T06:18:29.471Z - success: preview server running at http://localhost:7456
2019-08-22T06:18:29.473Z - success: protocol editor-framework registered
2019-08-22T06:18:29.473Z - success: protocol app registered
2019-08-22T06:18:29.474Z - success: protocol theme registered
2019-08-22T06:18:29.474Z - success: protocol packages registered
2019-08-22T06:18:29.474Z - success: protocol uuid registerred
2019-08-22T06:18:29.474Z - success: protocol db registerred
2019-08-22T06:18:29.474Z - success: protocol thumbnail registerred
2019-08-22T06:18:29.474Z - success: protocol unpack registerred
2019-08-22T06:18:29.474Z - success: protocol disable-commonjs registerred
2019-08-22T06:18:29.695Z - normal: connected!
2019-08-22T06:18:29.696Z - normal: Check project E:\github\pushBox-new-en\pushBox-new-en
2019-08-22T06:18:29.698Z - normal: Initializing project E:\github\pushBox-new-en\pushBox-new-en
2019-08-22T06:18:30.504Z - normal: Initializing Cocos2d
2019-08-22T06:18:31.244Z - normal: Initializing engine extends
2019-08-22T06:18:31.264Z - success: asset-db-debugger loaded
2019-08-22T06:18:31.267Z - success: code-editor loaded
2019-08-22T06:18:31.268Z - success: color-picker loaded
2019-08-22T06:18:31.363Z - success: fb-audience-network loaded
2019-08-22T06:18:31.428Z - success: fb-live-stream loaded
2019-08-22T06:18:31.432Z - success: google-play-instant loaded
2019-08-22T06:18:31.437Z - success: huawei-runtime loaded
2019-08-22T06:18:31.438Z - success: jsb-adapter loaded
2019-08-22T06:18:31.441Z - success: oppo-runtime loaded
2019-08-22T06:18:31.444Z - success: package-manager loaded
2019-08-22T06:18:31.571Z - success: qqplay-adapter loaded
2019-08-22T06:18:31.573Z - success: runtime-dev-tools loaded
2019-08-22T06:18:31.578Z - success: sdkbox loaded
2019-08-22T06:18:31.581Z - success: tester loaded
2019-08-22T06:18:31.583Z - success: ui-grid loaded
2019-08-22T06:18:31.585Z - success: ui-kit-preview-extra loaded
2019-08-22T06:18:31.586Z - success: ui-kit-preview loaded
2019-08-22T06:18:31.588Z - success: ui-kit loaded
2019-08-22T06:18:31.590Z - success: ui-tree loaded
2019-08-22T06:18:31.593Z - success: vivo-runtime loaded
2019-08-22T06:18:31.594Z - success: weapp-adapter loaded
2019-08-22T06:18:31.655Z - success: assets loaded
2019-08-22T06:18:31.659Z - success: builder loaded
2019-08-22T06:18:31.960Z - success: cocos-services loaded
2019-08-22T06:18:31.964Z - success: console loaded
2019-08-22T06:18:32.004Z - success: fb-instant-games loaded
2019-08-22T06:18:32.007Z - success: google-instant-games loaded
2019-08-22T06:18:32.013Z - success: hierarchy loaded
2019-08-22T06:18:32.016Z - success: inspector loaded
2019-08-22T06:18:32.018Z - success: keystore loaded
2019-08-22T06:18:32.022Z - success: node-library loaded
2019-08-22T06:18:32.024Z - success: package-asset loaded
2019-08-22T06:18:32.025Z - success: preferences loaded
2019-08-22T06:18:32.028Z - success: project-exporter loaded
2019-08-22T06:18:32.029Z - success: project-importer loaded
2019-08-22T06:18:32.031Z - success: project-settings loaded
2019-08-22T06:18:32.035Z - success: scene loaded
2019-08-22T06:18:32.037Z - success: simulator-debugger loaded
2019-08-22T06:18:32.039Z - success: sprite-editor loaded
2019-08-22T06:18:32.042Z - success: store loaded
2019-08-22T06:18:32.045Z - success: timeline loaded
2019-08-22T06:18:34.143Z - info: Cocos Services load base data!
2019-08-22T06:18:34.750Z - normal: Loading packages
2019-08-22T06:18:34.762Z - normal: Watching packages
2019-08-22T06:18:35.336Z - normal: Run Application
2019-08-22T06:19:44.680Z - info: shutdown preview server
